<testExecutions version="1">
<file path="app/containers/TunesContainer/tests/index.test.js">
<testCase name="&lt;TunesContainer /&gt; container tests should render and match the snapshot" duration="222" />
<testCase name="&lt;TunesContainer /&gt; container tests should trigger dispatchGetArtistSongs when a change is made in search bar" duration="543" />
</file>
<file path="app/components/ProtectedRoute/tests/index.test.js">
<testCase name="&lt;ProtectedRoute /&gt; should render and match the snapshot" duration="139" />
<testCase name="&lt;ProtectedRoute /&gt; should  render the component if user logged in and access protected route" duration="56" />
<testCase name="&lt;ProtectedRoute /&gt; should not render component if user is not logged in" duration="18" />
<testCase name="&lt;ProtectedRoute /&gt; should render component , not logged in, unprotected route" duration="21" />
<testCase name="&lt;ProtectedRoute /&gt; should redirect to the dashboard if logged in and accessing login page(unprotected)" duration="5" />
</file>
<file path="app/components/RepoCard/tests/index.test.js">
<testCase name="&lt;RepoCard /&gt; should render and match the snapshot" duration="33" />
<testCase name="&lt;RepoCard /&gt; should contain 1 RepoCard component" duration="7" />
<testCase name="&lt;RepoCard /&gt; should render the repository details inside the card" duration="8" />
<testCase name="&lt;RepoCard /&gt; should render the repository unavailable messages in case any props are unavailable or have falsy values" duration="6" />
</file>
<file path="app/components/Header/tests/index.test.js">
<testCase name="&lt;Header /&gt; should render and match the snapshot" duration="33" />
<testCase name="&lt;Header /&gt; should contain logo" duration="6" />
</file>
<file path="app/containers/TunesContainer/tests/saga.test.js">
<testCase name="TunesContainer saga tests should start task to watch for SET_ARTIST action" duration="3" />
<testCase name="TunesContainer saga tests should ensure that the action SET_TUNES_ERROR is dispatched when api call fails" duration="1" />
<testCase name="TunesContainer saga tests should ensure that the action SET_SONGS_DATA is dispatched when api is success" duration="0" />
</file>
<file path="app/containers/HomeContainer/tests/saga.test.js">
<testCase name="HomeContainer saga tests should start task to watch for REQUEST_GET_GITHUB_REPOS action" duration="3" />
<testCase name="HomeContainer saga tests should ensure that the action FAILURE_GET_GITHUB_REPOS is dispatched when the api call fails" duration="1" />
<testCase name="HomeContainer saga tests should ensure that the action SUCCESS_GET_GITHUB_REPOS is dispatched when the api call succeeds" duration="0" />
</file>
<file path="app/containers/App/tests/index.test.js">
<testCase name="&lt;App /&gt; container tests should render and match the snapshot" duration="130" />
</file>
<file path="app/containers/HomeContainer/tests/reducer.test.js">
<testCase name="HomContainer reducer tests should return the initial state" duration="27" />
<testCase name="HomContainer reducer tests should return the initial state when an action of type REQUEST_GET?_GITHUB_REPOS is dispatched" duration="1" />
<testCase name="HomContainer reducer tests should ensure that the user data is present and userLoading = false when SUCCESS_GET_GITHUB_REPOS is dispatched" duration="1" />
<testCase name="HomContainer reducer tests should ensure that the userErrorMessage has some data and userLoading = false when FAILURE_GET_GITHUB_REPOS is dispatched" duration="1" />
<testCase name="HomContainer reducer tests should return the initial state when CLEAR_GITHUB_REPOS is dispatched" duration="4" />
</file>
<file path="app/components/Clickable/tests/index.test.js">
<testCase name="&lt;Clickable /&gt; component tests should render and match the snapshot" duration="42" />
<testCase name="&lt;Clickable /&gt; component tests should contain 1 Clickable component" duration="4" />
<testCase name="&lt;Clickable /&gt; component tests should contain render the text according to the textId" duration="12" />
<testCase name="&lt;Clickable /&gt; component tests should call the prop onClick when the clickable component is clicked" duration="8" />
</file>
<file path="app/containers/HomeContainer/tests/index.test.js">
<testCase name="&lt;HomeContainer /&gt; tests should render and match the snapshot" duration="132" />
<testCase name="&lt;HomeContainer /&gt; tests should call dispatchClearGithubRepos on empty change" duration="1076" />
<testCase name="&lt;HomeContainer /&gt; tests should call dispatchGithubRepos on change and after enter" duration="520" />
<testCase name="&lt;HomeContainer /&gt; tests should call dispatchGithubRepos on submit" duration="512" />
<testCase name="&lt;HomeContainer /&gt; tests should  dispatchGithubRepos on update on mount if repoName is already persisted" duration="515" />
<testCase name="&lt;HomeContainer /&gt; tests should validate mapDispatchToProps actions" duration="507" />
<testCase name="&lt;HomeContainer /&gt; tests should render default error message when search goes wrong" duration="18" />
<testCase name="&lt;HomeContainer /&gt; tests should render the default message when searchBox is empty and reposError is null" duration="20" />
<testCase name="&lt;HomeContainer /&gt; tests should render the data when loading becomes false" duration="40" />
<testCase name="&lt;HomeContainer /&gt; tests should render exact number of RepoCards as per totalCount in result" duration="25" />
<testCase name="&lt;HomeContainer /&gt; tests should redirect to /stories when clicked on Clickable component" duration="15" />
<testCase name="&lt;HomeContainer /&gt; tests should render Skeleton Comp when &quot;loading&quot; is true" duration="514" />
</file>
<file path="app/containers/TunesContainer/tests/selectors.test.js">
<testCase name="TunesContainer selector tests should select the tunesContainer state" duration="4" />
<testCase name="TunesContainer selector tests should select artistName" duration="1" />
<testCase name="TunesContainer selector tests should select songs data" duration="1" />
<testCase name="TunesContainer selector tests should select tunesError" duration="1" />
</file>
<file path="app/tests/store.test.js">
<testCase name="configureStore tests should contain an object for reducers" duration="2" />
<testCase name="configureStore tests should contain an object for sagas" duration="0" />
<testCase name="configureStore tests should contain a hook for `sagaMiddleware.run`" duration="0" />
<testCase name="configureStore params should call window.__REDUX_DEVTOOLS_EXTENSION_COMPOSE__" duration="1" />
</file>
<file path="app/components/For/tests/index.test.js">
<testCase name="&lt;For /&gt; should render the number of elements passed as props" duration="52" />
<testCase name="&lt;For /&gt; should render the number of elements passed as props and the parent should be a span" duration="4" />
<testCase name="&lt;For /&gt; should render the number of elements passed as props and should not add another layer of dom nesting" duration="28" />
<testCase name="&lt;For /&gt; should not render anything when items is not passed" duration="22" />
</file>
<file path="app/containers/LanguageProvider/tests/index.test.js">
<testCase name="&lt;LanguageProvider /&gt; tests should render its children" duration="50" />
<testCase name="&lt;ConnectedLanguageProvider /&gt; tests should render the default language messages" duration="22" />
</file>
<file path="app/components/T/tests/index.test.js">
<testCase name="&lt;T /&gt; component tests should render and match the snapshot" duration="44" />
<testCase name="&lt;T /&gt; component tests should contain 1 T component" duration="3" />
<testCase name="&lt;T /&gt; component tests should contain render the text according to the id" duration="32" />
<testCase name="&lt;T /&gt; component tests should have a margin-bottom of 5px when we pass marginBottom as 5" duration="28" />
</file>
<file path="app/containers/TunesContainer/tests/reducer.test.js">
<testCase name="TunesContainer reducer tests should return the tunesContainer initial state" duration="6" />
<testCase name="TunesContainer reducer tests should return the updated state when an action of type REQUEST_GET_SONGS is dispatched" duration="1" />
<testCase name="TunesContainer reducer tests should update the state when SUCCESS_GET_SONGS action is dispatched" duration="1" />
<testCase name="TunesContainer reducer tests should update the tunesError state when FAILURE_GET_SONGS action is dispatched" duration="1" />
<testCase name="TunesContainer reducer tests should clear songs when CLEAR_SONGS action is dispatched" duration="1" />
</file>
</testExecutions>