<testExecutions version="1">
<file path="app/containers/App/tests/index.test.js">
<testCase name="&lt;App /&gt; container tests should render and match the snapshot" duration="190" />
</file>
<file path="app/containers/TunesContainer/tests/index.test.js">
<testCase name="&lt;TunesContainer /&gt; container tests should render and match the snapshot" duration="117" />
<testCase name="&lt;TunesContainer /&gt; container tests should trigger dispatchGetArtistSongs when a change is made in search bar" duration="538" />
<testCase name="&lt;TunesContainer /&gt; container tests should show message when songs are empty for artist name" duration="16" />
<testCase name="&lt;TunesContainer /&gt; container tests should run dispatchClearSongs when search bar changed to empty string" duration="534" />
<testCase name="&lt;TunesContainer /&gt; container tests should show placeholder message when songsData or artisName is empty" duration="17" />
<testCase name="&lt;TunesContainer /&gt; container tests should render the songs in TrackCard component" duration="17" />
<testCase name="&lt;TunesContainer /&gt; container tests should mapDispatchToProps dispatches actions " duration="605" />
<testCase name="&lt;TunesContainer /&gt; container tests should show error messages when tunesError is passed" duration="13" />
</file>
</testExecutions>